        -:    0:Source:dominion.c
        -:    0:Graph:dominion.gcno
        -:    0:Data:dominion.gcda
        -:    0:Runs:8
        -:    0:Programs:8
        -:    1:#include "dominion.h"
        -:    2:#include "dominion_helpers.h"
        -:    3:#include "rngs.h"
        -:    4:#include <stdio.h>
        -:    5:#include <math.h>
        -:    6:#include <stdlib.h>
        -:    7:
      390:    8:int compare(const void* a, const void* b) {
      390:    9:  if (*(int*)a > *(int*)b)
    #####:   10:    return 1;
      390:   11:  if (*(int*)a < *(int*)b)
      104:   12:    return -1;
      286:   13:  return 0;
        -:   14:}
        -:   15:
    #####:   16:struct gameState* newGame() {
    #####:   17:  struct gameState* g = malloc(sizeof(struct gameState));
    #####:   18:  return g;
        -:   19:}
        -:   20:
    #####:   21:int* kingdomCards(int k1, int k2, int k3, int k4, int k5, int k6, int k7,
        -:   22:		  int k8, int k9, int k10) {
    #####:   23:  int* k = malloc(10 * sizeof(int));
    #####:   24:  k[0] = k1;
    #####:   25:  k[1] = k2;
    #####:   26:  k[2] = k3;
    #####:   27:  k[3] = k4;
    #####:   28:  k[4] = k5;
    #####:   29:  k[5] = k6;
    #####:   30:  k[6] = k7;
    #####:   31:  k[7] = k8;
    #####:   32:  k[8] = k9;
    #####:   33:  k[9] = k10;
    #####:   34:  return k;
        -:   35:}
        -:   36:
       13:   37:int initializeGame(int numPlayers, int kingdomCards[10], int randomSeed,
        -:   38:		   struct gameState *state) {
        -:   39:
        -:   40:  int i;
        -:   41:  int j;
        -:   42:  int it;			
        -:   43:  //set up random number generator
       13:   44:  SelectStream(1);
       13:   45:  PutSeed((long)randomSeed);
        -:   46:  
        -:   47:  //check number of players
       13:   48:  if (numPlayers > MAX_PLAYERS || numPlayers < 2)
        -:   49:    {
    #####:   50:      return -1;
        -:   51:    }
        -:   52:
        -:   53:  //set number of players
       13:   54:  state->numPlayers = numPlayers;
        -:   55:
        -:   56:  //check selected kingdom cards are different
      143:   57:  for (i = 0; i < 10; i++)
        -:   58:    {
     1430:   59:      for (j = 0; j < 10; j++)
        -:   60:        {
     1300:   61:	  if (j != i && kingdomCards[j] == kingdomCards[i])
        -:   62:	    {
    #####:   63:	      return -1;
        -:   64:	    }
        -:   65:        }
        -:   66:    }
        -:   67:
        -:   68:
        -:   69:  //initialize supply
        -:   70:  ///////////////////////////////
        -:   71:
        -:   72:  //set number of Curse cards
       13:   73:  if (numPlayers == 2)
        -:   74:    {
       13:   75:      state->supplyCount[curse] = 10;
        -:   76:    }
    #####:   77:  else if (numPlayers == 3)
        -:   78:    {
    #####:   79:      state->supplyCount[curse] = 20;
        -:   80:    }
        -:   81:  else
        -:   82:    {
    #####:   83:      state->supplyCount[curse] = 30;
        -:   84:    }
        -:   85:
        -:   86:  //set number of Victory cards
       13:   87:  if (numPlayers == 2)
        -:   88:    {
       13:   89:      state->supplyCount[estate] = 8;
       13:   90:      state->supplyCount[duchy] = 8;
       13:   91:      state->supplyCount[province] = 8;
        -:   92:    }
        -:   93:  else
        -:   94:    {
    #####:   95:      state->supplyCount[estate] = 12;
    #####:   96:      state->supplyCount[duchy] = 12;
    #####:   97:      state->supplyCount[province] = 12;
        -:   98:    }
        -:   99:
        -:  100:  //set number of Treasure cards
       13:  101:  state->supplyCount[copper] = 60 - (7 * numPlayers);
       13:  102:  state->supplyCount[silver] = 40;
       13:  103:  state->supplyCount[gold] = 30;
        -:  104:
        -:  105:  //set number of Kingdom cards
      273:  106:  for (i = adventurer; i <= treasure_map; i++)       	//loop all cards
        -:  107:    {
     2150:  108:      for (j = 0; j < 10; j++)           		//loop chosen cards
        -:  109:	{
     2015:  110:	  if (kingdomCards[j] == i)
        -:  111:	    {
        -:  112:	      //check if card is a 'Victory' Kingdom card
      125:  113:	      if (kingdomCards[j] == great_hall || kingdomCards[j] == gardens)
        -:  114:		{
       52:  115:		  if (numPlayers == 2){ 
       26:  116:		    state->supplyCount[i] = 8; 
        -:  117:		  }
    #####:  118:		  else{ state->supplyCount[i] = 12; }
        -:  119:		}
        -:  120:	      else
        -:  121:		{
       99:  122:		  state->supplyCount[i] = 10;
        -:  123:		}
      125:  124:	      break;
        -:  125:	    }
        -:  126:	  else    //card is not in the set choosen for the game
        -:  127:	    {
     1890:  128:	      state->supplyCount[i] = -1;
        -:  129:	    }
        -:  130:	}
        -:  131:
        -:  132:    }
        -:  133:
        -:  134:  ////////////////////////
        -:  135:  //supply intilization complete
        -:  136:
        -:  137:  //set player decks
       39:  138:  for (i = 0; i < numPlayers; i++)
        -:  139:    {
       26:  140:      state->deckCount[i] = 0;
      104:  141:      for (j = 0; j < 3; j++)
        -:  142:	{
       78:  143:	  state->deck[i][j] = estate;
       78:  144:	  state->deckCount[i]++;
        -:  145:	}
      208:  146:      for (j = 3; j < 10; j++)
        -:  147:	{
      182:  148:	  state->deck[i][j] = copper;
      182:  149:	  state->deckCount[i]++;		
        -:  150:	}
        -:  151:    }
        -:  152:
        -:  153:  //shuffle player decks
       39:  154:  for (i = 0; i < numPlayers; i++)
        -:  155:    {
       26:  156:      if ( shuffle(i, state) < 0 )
        -:  157:	{
    #####:  158:	  return -1;
        -:  159:	}
        -:  160:    }
        -:  161:
        -:  162:  //draw player hands
       39:  163:  for (i = 0; i < numPlayers; i++)
        -:  164:    {  
        -:  165:      //initialize hand size to zero
       26:  166:      state->handCount[i] = 0;
       26:  167:      state->discardCount[i] = 0;
        -:  168:      //draw 5 cards
        -:  169:      // for (j = 0; j < 5; j++)
        -:  170:      //	{
        -:  171:      //	  drawCard(i, state);
        -:  172:      //	}
        -:  173:    }
        -:  174:  
        -:  175:  //set embargo tokens to 0 for all supply piles
      364:  176:  for (i = 0; i <= treasure_map; i++)
        -:  177:    {
      351:  178:      state->embargoTokens[i] = 0;
        -:  179:    }
        -:  180:
        -:  181:  //initialize first player's turn
       13:  182:  state->outpostPlayed = 0;
       13:  183:  state->phase = 0;
       13:  184:  state->numActions = 1;
       13:  185:  state->numBuys = 1;
       13:  186:  state->playedCardCount = 0;
       13:  187:  state->whoseTurn = 0;
       13:  188:  state->handCount[state->whoseTurn] = 0;
        -:  189:  //int it; move to top
        -:  190:
        -:  191:  //Moved draw cards to here, only drawing at the start of a turn
       78:  192:  for (it = 0; it < 5; it++){
       65:  193:    drawCard(state->whoseTurn, state);
        -:  194:  }
        -:  195:
       13:  196:  updateCoins(state->whoseTurn, state, 0);
        -:  197:
       13:  198:  return 0;
        -:  199:}
        -:  200:
       26:  201:int shuffle(int player, struct gameState *state) {
        -:  202: 
        -:  203:
        -:  204:  int newDeck[MAX_DECK];
       26:  205:  int newDeckPos = 0;
        -:  206:  int card;
        -:  207:  int i;
        -:  208:
       26:  209:  if (state->deckCount[player] < 1)
    #####:  210:    return -1;
       26:  211:  qsort ((void*)(state->deck[player]), state->deckCount[player], sizeof(int), compare); 
        -:  212:  /* SORT CARDS IN DECK TO ENSURE DETERMINISM! */
        -:  213:
      312:  214:  while (state->deckCount[player] > 0) {
      260:  215:    card = floor(Random() * state->deckCount[player]);
      260:  216:    newDeck[newDeckPos] = state->deck[player][card];
      260:  217:    newDeckPos++;
      910:  218:    for (i = card; i < state->deckCount[player]-1; i++) {
      650:  219:      state->deck[player][i] = state->deck[player][i+1];
        -:  220:    }
      260:  221:    state->deckCount[player]--;
        -:  222:  }
      286:  223:  for (i = 0; i < newDeckPos; i++) {
      260:  224:    state->deck[player][i] = newDeck[i];
      260:  225:    state->deckCount[player]++;
        -:  226:  }
        -:  227:
       26:  228:  return 0;
        -:  229:}
        -:  230:
    #####:  231:int playCard(int handPos, int choice1, int choice2, int choice3, struct gameState *state) 
        -:  232:{	
        -:  233:  int card;
    #####:  234:  int coin_bonus = 0; 		//tracks coins gain from actions
        -:  235:
        -:  236:  //check if it is the right phase
    #####:  237:  if (state->phase != 0)
        -:  238:    {
    #####:  239:      return -1;
        -:  240:    }
        -:  241:	
        -:  242:  //check if player has enough actions
    #####:  243:  if ( state->numActions < 1 )
        -:  244:    {
    #####:  245:      return -1;
        -:  246:    }
        -:  247:	
        -:  248:  //get card played
    #####:  249:  card = handCard(handPos, state);
        -:  250:	
        -:  251:  //check if selected card is an action
    #####:  252:  if ( card < adventurer || card > treasure_map )
        -:  253:    {
    #####:  254:      return -1;
        -:  255:    }
        -:  256:	
        -:  257:  //play card
    #####:  258:  if ( cardEffect(card, choice1, choice2, choice3, state, handPos, &coin_bonus) < 0 )
        -:  259:    {
    #####:  260:      return -1;
        -:  261:    }
        -:  262:	
        -:  263:  //reduce number of actions
    #####:  264:  state->numActions--;
        -:  265:
        -:  266:  //update coins (Treasure cards may be added with card draws)
    #####:  267:  updateCoins(state->whoseTurn, state, coin_bonus);
        -:  268:	
    #####:  269:  return 0;
        -:  270:}
        -:  271:
    #####:  272:int buyCard(int supplyPos, struct gameState *state) {
        -:  273:  int who;
        -:  274:  if (DEBUG){
        -:  275:    printf("Entering buyCard...\n");
        -:  276:  }
        -:  277:
        -:  278:  // I don't know what to do about the phase thing.
        -:  279:
    #####:  280:  who = state->whoseTurn;
        -:  281:
    #####:  282:  if (state->numBuys < 1){
        -:  283:    if (DEBUG)
        -:  284:      printf("You do not have any buys left\n");
    #####:  285:    return -1;
    #####:  286:  } else if (supplyCount(supplyPos, state) <1){
        -:  287:    if (DEBUG)
        -:  288:      printf("There are not any of that type of card left\n");
    #####:  289:    return -1;
    #####:  290:  } else if (state->coins < getCost(supplyPos)){
        -:  291:    if (DEBUG) 
        -:  292:      printf("You do not have enough money to buy that. You have %d coins.\n", state->coins);
    #####:  293:    return -1;
        -:  294:  } else {
    #####:  295:    state->phase=1;
        -:  296:    //state->supplyCount[supplyPos]--;
    #####:  297:    gainCard(supplyPos, state, 0, who); //card goes in discard, this might be wrong.. (2 means goes into hand, 0 goes into discard)
        -:  298:  
    #####:  299:    state->coins = (state->coins) - (getCost(supplyPos));
    #####:  300:    state->numBuys--;
        -:  301:    if (DEBUG)
        -:  302:      printf("You bought card number %d for %d coins. You now have %d buys and %d coins.\n", supplyPos, getCost(supplyPos), state->numBuys, state->coins);
        -:  303:  }
        -:  304:
        -:  305:  //state->discard[who][state->discardCount[who]] = supplyPos;
        -:  306:  //state->discardCount[who]++;
        -:  307:    
    #####:  308:  return 0;
        -:  309:}
        -:  310:
        1:  311:int numHandCards(struct gameState *state) {
        1:  312:  return state->handCount[ whoseTurn(state) ];
        -:  313:}
        -:  314:
    #####:  315:int handCard(int handPos, struct gameState *state) {
    #####:  316:  int currentPlayer = whoseTurn(state);
    #####:  317:  return state->hand[currentPlayer][handPos];
        -:  318:}
        -:  319:
       27:  320:int supplyCount(int card, struct gameState *state) {
       27:  321:  return state->supplyCount[card];
        -:  322:}
        -:  323:
    #####:  324:int fullDeckCount(int player, int card, struct gameState *state) {
        -:  325:  int i;
    #####:  326:  int count = 0;
        -:  327:
    #####:  328:  for (i = 0; i < state->deckCount[player]; i++)
        -:  329:    {
    #####:  330:      if (state->deck[player][i] == card) count++;
        -:  331:    }
        -:  332:
    #####:  333:  for (i = 0; i < state->handCount[player]; i++)
        -:  334:    {
    #####:  335:      if (state->hand[player][i] == card) count++;
        -:  336:    }
        -:  337:
    #####:  338:  for (i = 0; i < state->discardCount[player]; i++)
        -:  339:    {
    #####:  340:      if (state->discard[player][i] == card) count++;
        -:  341:    }
        -:  342:
    #####:  343:  return count;
        -:  344:}
        -:  345:
       18:  346:int whoseTurn(struct gameState *state) {
       18:  347:  return state->whoseTurn;
        -:  348:}
        -:  349:
    #####:  350:int endTurn(struct gameState *state) {
        -:  351:  int k;
        -:  352:  int i;
    #####:  353:  int currentPlayer = whoseTurn(state);
        -:  354:  
        -:  355:  //Discard hand
    #####:  356:  for (i = 0; i < state->handCount[currentPlayer]; i++){
    #####:  357:    state->discard[currentPlayer][state->discardCount[currentPlayer]++] = state->hand[currentPlayer][i];//Discard
    #####:  358:    state->hand[currentPlayer][i] = -1;//Set card to -1
        -:  359:  }
    #####:  360:  state->handCount[currentPlayer] = 0;//Reset hand count
        -:  361:    
        -:  362:  //Code for determining the player
    #####:  363:  if (currentPlayer < (state->numPlayers - 1)){ 
    #####:  364:    state->whoseTurn = currentPlayer + 1;//Still safe to increment
        -:  365:  }
        -:  366:  else{
    #####:  367:    state->whoseTurn = 0;//Max player has been reached, loop back around to player 1
        -:  368:  }
        -:  369:
    #####:  370:  state->outpostPlayed = 0;
    #####:  371:  state->phase = 0;
    #####:  372:  state->numActions = 1;
    #####:  373:  state->coins = 0;
    #####:  374:  state->numBuys = 1;
    #####:  375:  state->playedCardCount = 0;
    #####:  376:  state->handCount[state->whoseTurn] = 0;
        -:  377:
        -:  378:  //int k; move to top
        -:  379:  //Next player draws hand
    #####:  380:  for (k = 0; k < 5; k++){
    #####:  381:    drawCard(state->whoseTurn, state);//Draw a card
        -:  382:  }
        -:  383:
        -:  384:  //Update money
    #####:  385:  updateCoins(state->whoseTurn, state , 0);
        -:  386:
    #####:  387:  return 0;
        -:  388:}
        -:  389:
        3:  390:int isGameOver(struct gameState *state) {
        -:  391:  int i;
        -:  392:  int j;
        -:  393:	
        -:  394:  //if stack of Province cards is empty, the game ends
        3:  395:  if (state->supplyCount[province] == 0)
        -:  396:    {
        1:  397:      return 1;
        -:  398:    }
        -:  399:
        -:  400:  //if three supply pile are at 0, the game ends
        2:  401:  j = 0;
       52:  402:  for (i = 0; i < 25; i++)
        -:  403:    {
       50:  404:      if (state->supplyCount[i] == 0)
        -:  405:	{
        5:  406:	  j++;
        -:  407:	}
        -:  408:    }
        2:  409:  if ( j >= 3)
        -:  410:    {
        1:  411:      return 1;
        -:  412:    }
        -:  413:
        1:  414:  return 0;
        -:  415:}
        -:  416:
    #####:  417:int scoreFor (int player, struct gameState *state) {
        -:  418:
        -:  419:  int i;
    #####:  420:  int score = 0;
        -:  421:  //score from hand
    #####:  422:  for (i = 0; i < state->handCount[player]; i++)
        -:  423:    {
    #####:  424:      if (state->hand[player][i] == curse) { score = score - 1; };
    #####:  425:      if (state->hand[player][i] == estate) { score = score + 1; };
    #####:  426:      if (state->hand[player][i] == duchy) { score = score + 3; };
    #####:  427:      if (state->hand[player][i] == province) { score = score + 6; };
    #####:  428:      if (state->hand[player][i] == great_hall) { score = score + 1; };
    #####:  429:      if (state->hand[player][i] == gardens) { score = score + ( fullDeckCount(player, 0, state) / 10 ); };
        -:  430:    }
        -:  431:
        -:  432:  //score from discard
    #####:  433:  for (i = 0; i < state->discardCount[player]; i++)
        -:  434:    {
    #####:  435:      if (state->discard[player][i] == curse) { score = score - 1; };
    #####:  436:      if (state->discard[player][i] == estate) { score = score + 1; };
    #####:  437:      if (state->discard[player][i] == duchy) { score = score + 3; };
    #####:  438:      if (state->discard[player][i] == province) { score = score + 6; };
    #####:  439:      if (state->discard[player][i] == great_hall) { score = score + 1; };
    #####:  440:      if (state->discard[player][i] == gardens) { score = score + ( fullDeckCount(player, 0, state) / 10 ); };
        -:  441:    }
        -:  442:
        -:  443:  //score from deck
    #####:  444:  for (i = 0; i < state->discardCount[player]; i++)
        -:  445:    {
    #####:  446:      if (state->deck[player][i] == curse) { score = score - 1; };
    #####:  447:      if (state->deck[player][i] == estate) { score = score + 1; };
    #####:  448:      if (state->deck[player][i] == duchy) { score = score + 3; };
    #####:  449:      if (state->deck[player][i] == province) { score = score + 6; };
    #####:  450:      if (state->deck[player][i] == great_hall) { score = score + 1; };
    #####:  451:      if (state->deck[player][i] == gardens) { score = score + ( fullDeckCount(player, 0, state) / 10 ); };
        -:  452:    }
        -:  453:
    #####:  454:  return score;
        -:  455:}
        -:  456:
    #####:  457:int getWinners(int players[MAX_PLAYERS], struct gameState *state) {
        -:  458:  int i;	
        -:  459:  int j;
        -:  460:  int highScore;
        -:  461:  int currentPlayer;
        -:  462:
        -:  463:  //get score for each player
    #####:  464:  for (i = 0; i < MAX_PLAYERS; i++)
        -:  465:    {
        -:  466:      //set unused player scores to -9999
    #####:  467:      if (i >= state->numPlayers)
        -:  468:	{
    #####:  469:	  players[i] = -9999;
        -:  470:	}
        -:  471:      else
        -:  472:	{
    #####:  473:	  players[i] = scoreFor (i, state);
        -:  474:	}
        -:  475:    }
        -:  476:
        -:  477:  //find highest score
    #####:  478:  j = 0;
    #####:  479:  for (i = 0; i < MAX_PLAYERS; i++)
        -:  480:    {
    #####:  481:      if (players[i] > players[j])
        -:  482:	{
    #####:  483:	  j = i;
        -:  484:	}
        -:  485:    }
    #####:  486:  highScore = players[j];
        -:  487:
        -:  488:  //add 1 to players who had less turns
    #####:  489:  currentPlayer = whoseTurn(state);
    #####:  490:  for (i = 0; i < MAX_PLAYERS; i++)
        -:  491:    {
    #####:  492:      if ( players[i] == highScore && i > currentPlayer )
        -:  493:	{
    #####:  494:	  players[i]++;
        -:  495:	}
        -:  496:    }
        -:  497:
        -:  498:  //find new highest score
    #####:  499:  j = 0;
    #####:  500:  for (i = 0; i < MAX_PLAYERS; i++)
        -:  501:    {
    #####:  502:      if ( players[i] > players[j] )
        -:  503:	{
    #####:  504:	  j = i;
        -:  505:	}
        -:  506:    }
    #####:  507:  highScore = players[j];
        -:  508:
        -:  509:  //set winners in array to 1 and rest to 0
    #####:  510:  for (i = 0; i < MAX_PLAYERS; i++)
        -:  511:    {
    #####:  512:      if ( players[i] == highScore )
        -:  513:	{
    #####:  514:	  players[i] = 1;
        -:  515:	}
        -:  516:      else
        -:  517:	{
    #####:  518:	  players[i] = 0;
        -:  519:	}
        -:  520:    }
        -:  521:
    #####:  522:  return 0;
        -:  523:}
        -:  524:
       85:  525:int drawCard(int player, struct gameState *state)
        -:  526:{	int count;
        -:  527:  int deckCounter;
       85:  528:  if (state->deckCount[player] <= 0){//Deck is empty
        -:  529:    
        -:  530:    //Step 1 Shuffle the discard pile back into a deck
        -:  531:    int i;
        -:  532:    //Move discard to deck
    #####:  533:    for (i = 0; i < state->discardCount[player];i++){
    #####:  534:      state->deck[player][i] = state->discard[player][i];
    #####:  535:      state->discard[player][i] = -1;
        -:  536:    }
        -:  537:
    #####:  538:    state->deckCount[player] = state->discardCount[player];
    #####:  539:    state->discardCount[player] = 0;//Reset discard
        -:  540:
        -:  541:    //Shufffle the deck
    #####:  542:    shuffle(player, state);//Shuffle the deck up and make it so that we can draw
        -:  543:   
        -:  544:    if (DEBUG){//Debug statements
        -:  545:      printf("Deck count now: %d\n", state->deckCount[player]);
        -:  546:    }
        -:  547:    
    #####:  548:    state->discardCount[player] = 0;
        -:  549:
        -:  550:    //Step 2 Draw Card
    #####:  551:    count = state->handCount[player];//Get current player's hand count
        -:  552:    
        -:  553:    if (DEBUG){//Debug statements
        -:  554:      printf("Current hand count: %d\n", count);
        -:  555:    }
        -:  556:    
    #####:  557:    deckCounter = state->deckCount[player];//Create a holder for the deck count
        -:  558:
    #####:  559:    if (deckCounter == 0)
    #####:  560:      return -1;
        -:  561:
    #####:  562:    state->hand[player][count] = state->deck[player][deckCounter - 1];//Add card to hand
    #####:  563:    state->deckCount[player]--;
    #####:  564:    state->handCount[player]++;//Increment hand count
        -:  565:  }
        -:  566:
        -:  567:  else{
       85:  568:    int count = state->handCount[player];//Get current hand count for player
        -:  569:    int deckCounter;
        -:  570:    if (DEBUG){//Debug statements
        -:  571:      printf("Current hand count: %d\n", count);
        -:  572:    }
        -:  573:
       85:  574:    deckCounter = state->deckCount[player];//Create holder for the deck count
       85:  575:    state->hand[player][count] = state->deck[player][deckCounter - 1];//Add card to the hand
       85:  576:    state->deckCount[player]--;
       85:  577:    state->handCount[player]++;//Increment hand count
        -:  578:  }
        -:  579:
       85:  580:  return 0;
        -:  581:}
        -:  582:
       28:  583:int getCost(int cardNumber)
        -:  584:{
       28:  585:  switch( cardNumber ) 
        -:  586:    {
        -:  587:    case curse:
        1:  588:      return 0;
        -:  589:    case estate:
        1:  590:      return 2;
        -:  591:    case duchy:
        1:  592:      return 5;
        -:  593:    case province:
        1:  594:      return 8;
        -:  595:    case copper:
        1:  596:      return 0;
        -:  597:    case silver:
        1:  598:      return 3;
        -:  599:    case gold:
        1:  600:      return 6;
        -:  601:    case adventurer:
        1:  602:      return 6;
        -:  603:    case council_room:
        1:  604:      return 5;
        -:  605:    case feast:
        1:  606:      return 4;
        -:  607:    case gardens:
        1:  608:      return 4;
        -:  609:    case mine:
        1:  610:      return 5;
        -:  611:    case remodel:
        1:  612:      return 4;
        -:  613:    case smithy:
        1:  614:      return 4;
        -:  615:    case village:
        1:  616:      return 3;
        -:  617:    case baron:
        1:  618:      return 4;
        -:  619:    case great_hall:
        1:  620:      return 3;
        -:  621:    case minion:
        1:  622:      return 5;
        -:  623:    case steward:
        1:  624:      return 3;
        -:  625:    case tribute:
        1:  626:      return 5;
        -:  627:    case ambassador:
        1:  628:      return 3;
        -:  629:    case cutpurse:
        1:  630:      return 4;
        -:  631:    case embargo: 
        1:  632:      return 2;
        -:  633:    case outpost:
        1:  634:      return 5;
        -:  635:    case salvager:
        1:  636:      return 4;
        -:  637:    case sea_hag:
        1:  638:      return 4;
        -:  639:    case treasure_map:
        1:  640:      return 4;
        -:  641:    }
        -:  642:	
        1:  643:  return -1;
        -:  644:}
        -:  645:
        -:  646://///////////////Adventurer Function//////////////////////////
        4:  647:int adventurerFunction(int drawntreasure, int currentPlayer, struct gameState *state, int* cardDrawn, int* temphand, int z)
        -:  648:{
       16:  649:	while(drawntreasure<2) {
        8:  650:        if (state->deckCount[currentPlayer] <1){//if the deck is empty we need to shuffle discard and add to deck
    #####:  651:          shuffle(currentPlayer, state);
        -:  652:        }
        8:  653:        drawCard(currentPlayer, state);
        8:  654:        *cardDrawn = state->hand[currentPlayer][state->handCount[currentPlayer]-1];//top card of hand is most recently drawn card.
        8:  655:        if (*cardDrawn == copper || *cardDrawn == silver || *cardDrawn == gold)
        8:  656:          drawntreasure++;
        -:  657:        else{
    #####:  658:          temphand[z]=*cardDrawn;
    #####:  659:          state->handCount[currentPlayer]--; //this should just remove the top card (the most recently drawn one).
    #####:  660:          z++;
        -:  661:        }
        -:  662:      }
        8:  663:      while(z-1>=0){
    #####:  664:        state->discard[currentPlayer][state->discardCount[currentPlayer]++]=temphand[z-1]; // discard all cards in play that have been drawn
    #####:  665:        z=z-1;
        -:  666:      }
        4:  667:      return 0;
        -:  668:}
        -:  669:////////////////END ADVENTURER FUNC////////////////////////////////
        -:  670:
        -:  671:
        -:  672:////////////////GARDENS FUNCTION///////////////////////////////////
        1:  673:int gardensFunction(){
        1:  674:        return -1;
        -:  675:}
        -:  676://///////////////END GARDENS FUNCTION//////////////////////////////
        -:  677:
        -:  678:
        -:  679:////////////////SMITHY FUNCTION////////////////////////////////////
        4:  680:int smithyFunction(int currentPlayer, struct gameState *state, int handPos) {        
       16:  681:   for (int i = 0; i < 3; i++)
        -:  682:        {
       12:  683:          drawCard(currentPlayer, state);
        -:  684:        }
        -:  685:                        
        -:  686:   //discard card from hand
        4:  687:   discardCard(handPos, currentPlayer, state, 0);
        4:  688:   return 0;
        -:  689:}
        -:  690:////////////////END SMITHY FUNC////////////////////////////////
        -:  691:
        -:  692:
        -:  693:////////////////VILLAGE FUNCTION///////////////////////////////
    #####:  694:int villageFunction(int currentPlayer, struct gameState *state, int handPos) {
        -:  695:      //+1 Card
    #####:  696:      drawCard(currentPlayer, state);
        -:  697:      //+2 Actions
    #####:  698:      state->numActions = state->numActions + 2;
        -:  699:      //discard played card from hand
    #####:  700:      discardCard(handPos, currentPlayer, state, 0);
    #####:  701:      return 0;
        -:  702:}
        -:  703://///////////END VILLAGE FUNCTION//////////////////////////////
        -:  704:
        -:  705:
        -:  706://///////////OUTPOST FUNCTION//////////////////////////////////
        1:  707:int outpostFunction(struct gameState *state, int handPos, int currentPlayer)
        -:  708:{
        -:  709:      //set outpost flag
        1:  710:      state->outpostPlayed++;
        -:  711:      //discard card
        1:  712:      discardCard(handPos, currentPlayer, state, 0);
        1:  713:      return 0;
        -:  714:}
        -:  715:///////////END OUTPOST FUNCTION////////////////////////////////
        -:  716:
       10:  717:int cardEffect(int card, int choice1, int choice2, int choice3, struct gameState *state, int handPos, int *bonus)
        -:  718:{
        -:  719:  int i;
        -:  720:  int j;
        -:  721:  int k;
        -:  722:  int x;
        -:  723:  int index;
       10:  724:  int currentPlayer = whoseTurn(state);
       10:  725:  int nextPlayer = currentPlayer + 1;
        -:  726:
       10:  727:  int tributeRevealedCards[2] = {-1, -1};
        -:  728:  int temphand[MAX_HAND];// moved above the if statement
       10:  729:  int drawntreasure=0;
        -:  730:  int cardDrawn;
       10:  731:  int z = 0;// this is the counter for the temp hand
       10:  732:  if (nextPlayer > (state->numPlayers - 1)){
    #####:  733:    nextPlayer = 0;
        -:  734:  }
        -:  735:  
        -:  736:	
        -:  737:  //uses switch to select card and perform actions
       10:  738:  switch( card ) 
        -:  739:    {
        -:  740:    case adventurer:
        4:  741:    	return adventurerFunction(drawntreasure, currentPlayer, state, &cardDrawn, temphand, z);
        -:  742:	/*
        -:  743:	while(drawntreasure<2){
        -:  744:	if (state->deckCount[currentPlayer] <1){//if the deck is empty we need to shuffle discard and add to deck
        -:  745:	  shuffle(currentPlayer, state);
        -:  746:	}
        -:  747:	drawCard(currentPlayer, state);
        -:  748:	cardDrawn = state->hand[currentPlayer][state->handCount[currentPlayer]-1];//top card of hand is most recently drawn card.
        -:  749:	if (cardDrawn == copper || cardDrawn == silver || cardDrawn == gold)
        -:  750:	  drawntreasure++;
        -:  751:	else{
        -:  752:	  temphand[z]=cardDrawn;
        -:  753:	  state->handCount[currentPlayer]--; //this should just remove the top card (the most recently drawn one).
        -:  754:	  z++;
        -:  755:	}
        -:  756:      }
        -:  757:      while(z-1>=0){
        -:  758:	state->discard[currentPlayer][state->discardCount[currentPlayer]++]=temphand[z-1]; // discard all cards in play that have been drawn
        -:  759:	z=z-1;
        -:  760:      }
        -:  761:      return 0;
        -:  762:	*/		
        -:  763:    case council_room:
        -:  764:      //+4 Cards
    #####:  765:      for (i = 0; i < 4; i++)
        -:  766:	{
    #####:  767:	  drawCard(currentPlayer, state);
        -:  768:	}
        -:  769:			
        -:  770:      //+1 Buy
    #####:  771:      state->numBuys++;
        -:  772:			
        -:  773:      //Each other player draws a card
    #####:  774:      for (i = 0; i < state->numPlayers; i++)
        -:  775:	{
    #####:  776:	  if ( i != currentPlayer )
        -:  777:	    {
    #####:  778:	      drawCard(i, state);
        -:  779:	    }
        -:  780:	}
        -:  781:			
        -:  782:      //put played card in played card pile
    #####:  783:      discardCard(handPos, currentPlayer, state, 0);
        -:  784:			
    #####:  785:      return 0;
        -:  786:			
        -:  787:    case feast:
        -:  788:      //gain card with cost up to 5
        -:  789:      //Backup hand
    #####:  790:      for (i = 0; i <= state->handCount[currentPlayer]; i++){
    #####:  791:	temphand[i] = state->hand[currentPlayer][i];//Backup card
    #####:  792:	state->hand[currentPlayer][i] = -1;//Set to nothing
        -:  793:      }
        -:  794:      //Backup hand
        -:  795:
        -:  796:      //Update Coins for Buy
    #####:  797:      updateCoins(currentPlayer, state, 5);
    #####:  798:      x = 1;//Condition to loop on
    #####:  799:      while( x == 1) {//Buy one card
    #####:  800:	if (supplyCount(choice1, state) <= 0){
        -:  801:	  if (DEBUG)
        -:  802:	    printf("None of that card left, sorry!\n");
        -:  803:
        -:  804:	  if (DEBUG){
        -:  805:	    printf("Cards Left: %d\n", supplyCount(choice1, state));
        -:  806:	  }
        -:  807:	}
    #####:  808:	else if (state->coins < getCost(choice1)){
    #####:  809:	  printf("That card is too expensive!\n");
        -:  810:
        -:  811:	  if (DEBUG){
        -:  812:	    printf("Coins: %d < %d\n", state->coins, getCost(choice1));
        -:  813:	  }
        -:  814:	}
        -:  815:	else{
        -:  816:
        -:  817:	  if (DEBUG){
        -:  818:	    printf("Deck Count: %d\n", state->handCount[currentPlayer] + state->deckCount[currentPlayer] + state->discardCount[currentPlayer]);
        -:  819:	  }
        -:  820:
    #####:  821:	  gainCard(choice1, state, 0, currentPlayer);//Gain the card
    #####:  822:	  x = 0;//No more buying cards
        -:  823:
        -:  824:	  if (DEBUG){
        -:  825:	    printf("Deck Count: %d\n", state->handCount[currentPlayer] + state->deckCount[currentPlayer] + state->discardCount[currentPlayer]);
        -:  826:	  }
        -:  827:
        -:  828:	}
        -:  829:      }     
        -:  830:
        -:  831:      //Reset Hand
    #####:  832:      for (i = 0; i <= state->handCount[currentPlayer]; i++){
    #####:  833:	state->hand[currentPlayer][i] = temphand[i];
    #####:  834:	temphand[i] = -1;
        -:  835:      }
        -:  836:      //Reset Hand
        -:  837:      			
    #####:  838:      return 0;
        -:  839:  
        -:  840:    ////////REFACTORED///////			
        -:  841:    case gardens:
        1:  842:      return gardensFunction();
        -:  843:      //return -1;
        -:  844:    ///////REFACTORED///////
        -:  845:			
        -:  846:    case mine:
    #####:  847:      j = state->hand[currentPlayer][choice1];  //store card we will trash
        -:  848:
    #####:  849:      if (state->hand[currentPlayer][choice1] < copper || state->hand[currentPlayer][choice1] > gold)
        -:  850:	{
    #####:  851:	  return -1;
        -:  852:	}
        -:  853:		
    #####:  854:      if (choice2 > treasure_map || choice2 < curse)
        -:  855:	{
    #####:  856:	  return -1;
        -:  857:	}
        -:  858:
    #####:  859:      if ( (getCost(state->hand[currentPlayer][choice1]) + 3) > getCost(choice2) )
        -:  860:	{
    #####:  861:	  return -1;
        -:  862:	}
        -:  863:
    #####:  864:      gainCard(choice2, state, 2, currentPlayer);
        -:  865:
        -:  866:      //discard card from hand
    #####:  867:      discardCard(handPos, currentPlayer, state, 0);
        -:  868:
        -:  869:      //discard trashed card
    #####:  870:      for (i = 0; i < state->handCount[currentPlayer]; i++)
        -:  871:	{
    #####:  872:	  if (state->hand[currentPlayer][i] == j)
        -:  873:	    {
    #####:  874:	      discardCard(i, currentPlayer, state, 0);			
    #####:  875:	      break;
        -:  876:	    }
        -:  877:	}
        -:  878:			
    #####:  879:      return 0;
        -:  880:			
        -:  881:    case remodel:
    #####:  882:      j = state->hand[currentPlayer][choice1];  //store card we will trash
        -:  883:
    #####:  884:      if ( (getCost(state->hand[currentPlayer][choice1]) + 2) > getCost(choice2) )
        -:  885:	{
    #####:  886:	  return -1;
        -:  887:	}
        -:  888:
    #####:  889:      gainCard(choice2, state, 0, currentPlayer);
        -:  890:
        -:  891:      //discard card from hand
    #####:  892:      discardCard(handPos, currentPlayer, state, 0);
        -:  893:
        -:  894:      //discard trashed card
    #####:  895:      for (i = 0; i < state->handCount[currentPlayer]; i++)
        -:  896:	{
    #####:  897:	  if (state->hand[currentPlayer][i] == j)
        -:  898:	    {
    #####:  899:	      discardCard(i, currentPlayer, state, 0);			
    #####:  900:	      break;
        -:  901:	    }
        -:  902:	}
        -:  903:
        -:  904:
    #####:  905:      return 0;
        -:  906:		
        -:  907:    ///////REFACTORED//////
        -:  908:    case smithy:
        -:  909:	//must pass currentPlayer, state, and handPos
        -:  910:	//from parent function and pass to outer function
        4:  911:        return smithyFunction(currentPlayer, state, handPos);  
        -:  912:    //////REFACTORED///////		
        -:  913:
        -:  914:    //////REFACTORED///////
        -:  915:    case village:
    #####:  916:      return villageFunction(currentPlayer, state, handPos);
        -:  917:      /*
        -:  918:      //+1 Card
        -:  919:      drawCard(currentPlayer, state);
        -:  920:			
        -:  921:      //+2 Actions
        -:  922:      state->numActions = state->numActions + 2;
        -:  923:			
        -:  924:      //discard played card from hand
        -:  925:      discardCard(handPos, currentPlayer, state, 0);
        -:  926:      return 0;
        -:  927:      */
        -:  928:    //////REFACTORED//////
        -:  929:
        -:  930:    case baron:
    #####:  931:      state->numBuys++;//Increase buys by 1!
    #####:  932:      if (choice1 > 0){//Boolean true or going to discard an estate
    #####:  933:	int p = 0;//Iterator for hand!
    #####:  934:	int card_not_discarded = 1;//Flag for discard set!
    #####:  935:	while(card_not_discarded){
    #####:  936:	  if (state->hand[currentPlayer][p] == estate){//Found an estate card!
    #####:  937:	    state->coins += 4;//Add 4 coins to the amount of coins
    #####:  938:	    state->discard[currentPlayer][state->discardCount[currentPlayer]] = state->hand[currentPlayer][p];
    #####:  939:	    state->discardCount[currentPlayer]++;
    #####:  940:	    for (;p < state->handCount[currentPlayer]; p++){
    #####:  941:	      state->hand[currentPlayer][p] = state->hand[currentPlayer][p+1];
        -:  942:	    }
    #####:  943:	    state->hand[currentPlayer][state->handCount[currentPlayer]] = -1;
    #####:  944:	    state->handCount[currentPlayer]--;
    #####:  945:	    card_not_discarded = 0;//Exit the loop
        -:  946:	  }
    #####:  947:	  else if (p > state->handCount[currentPlayer]){
        -:  948:	    if(DEBUG) {
        -:  949:	      printf("No estate cards in your hand, invalid choice\n");
        -:  950:	      printf("Must gain an estate if there are any\n");
        -:  951:	    }
    #####:  952:	    if (supplyCount(estate, state) > 0){
    #####:  953:	      gainCard(estate, state, 0, currentPlayer);
    #####:  954:	      state->supplyCount[estate]--;//Decrement estates
    #####:  955:	      if (supplyCount(estate, state) == 0){
    #####:  956:		isGameOver(state);
        -:  957:	      }
        -:  958:	    }
    #####:  959:	    card_not_discarded = 0;//Exit the loop
        -:  960:	  }
        -:  961:			    
        -:  962:	  else{
    #####:  963:	    p++;//Next card
        -:  964:	  }
        -:  965:	}
        -:  966:      }
        -:  967:			    
        -:  968:      else{
    #####:  969:	if (supplyCount(estate, state) > 0){
    #####:  970:	  gainCard(estate, state, 0, currentPlayer);//Gain an estate
    #####:  971:	  state->supplyCount[estate]--;//Decrement Estates
    #####:  972:	  if (supplyCount(estate, state) == 0){
    #####:  973:	    isGameOver(state);
        -:  974:	  }
        -:  975:	}
        -:  976:      }
        -:  977:	    
        -:  978:      
    #####:  979:      return 0;
        -:  980:		
        -:  981:    case great_hall:
        -:  982:      //+1 Card
    #####:  983:      drawCard(currentPlayer, state);
        -:  984:			
        -:  985:      //+1 Actions
    #####:  986:      state->numActions++;
        -:  987:			
        -:  988:      //discard card from hand
    #####:  989:      discardCard(handPos, currentPlayer, state, 0);
    #####:  990:      return 0;
        -:  991:		
        -:  992:    case minion:
        -:  993:      //+1 action
    #####:  994:      state->numActions++;
        -:  995:			
        -:  996:      //discard card from hand
    #####:  997:      discardCard(handPos, currentPlayer, state, 0);
        -:  998:			
    #####:  999:      if (choice1)		//+2 coins
        -: 1000:	{
    #####: 1001:	  state->coins = state->coins + 2;
        -: 1002:	}
        -: 1003:			
    #####: 1004:      else if (choice2)		//discard hand, redraw 4, other players with 5+ cards discard hand and draw 4
        -: 1005:	{
        -: 1006:	  //discard hand
    #####: 1007:	  while(numHandCards(state) > 0)
        -: 1008:	    {
    #####: 1009:	      discardCard(handPos, currentPlayer, state, 0);
        -: 1010:	    }
        -: 1011:				
        -: 1012:	  //draw 4
    #####: 1013:	  for (i = 0; i < 4; i++)
        -: 1014:	    {
    #####: 1015:	      drawCard(currentPlayer, state);
        -: 1016:	    }
        -: 1017:				
        -: 1018:	  //other players discard hand and redraw if hand size > 4
    #####: 1019:	  for (i = 0; i < state->numPlayers; i++)
        -: 1020:	    {
    #####: 1021:	      if (i != currentPlayer)
        -: 1022:		{
    #####: 1023:		  if ( state->handCount[i] > 4 )
        -: 1024:		    {
        -: 1025:		      //discard hand
    #####: 1026:		      while( state->handCount[i] > 0 )
        -: 1027:			{
    #####: 1028:			  discardCard(handPos, i, state, 0);
        -: 1029:			}
        -: 1030:							
        -: 1031:		      //draw 4
    #####: 1032:		      for (j = 0; j < 4; j++)
        -: 1033:			{
    #####: 1034:			  drawCard(i, state);
        -: 1035:			}
        -: 1036:		    }
        -: 1037:		}
        -: 1038:	    }
        -: 1039:				
        -: 1040:	}
    #####: 1041:      return 0;
        -: 1042:		
        -: 1043:    case steward:
    #####: 1044:      if (choice1 == 1)
        -: 1045:	{
        -: 1046:	  //+2 cards
    #####: 1047:	  drawCard(currentPlayer, state);
    #####: 1048:	  drawCard(currentPlayer, state);
        -: 1049:	}
    #####: 1050:      else if (choice1 == 2)
        -: 1051:	{
        -: 1052:	  //+2 coins
    #####: 1053:	  state->coins = state->coins + 2;
        -: 1054:	}
        -: 1055:      else
        -: 1056:	{
        -: 1057:	  //trash 2 cards in hand
    #####: 1058:	  discardCard(choice2, currentPlayer, state, 1);
    #####: 1059:	  discardCard(choice3, currentPlayer, state, 1);
        -: 1060:	}
        -: 1061:			
        -: 1062:      //discard card from hand
    #####: 1063:      discardCard(handPos, currentPlayer, state, 0);
    #####: 1064:      return 0;
        -: 1065:		
        -: 1066:    case tribute:
    #####: 1067:      if ((state->discardCount[nextPlayer] + state->deckCount[nextPlayer]) <= 1){
    #####: 1068:	if (state->deckCount[nextPlayer] > 0){
    #####: 1069:	  tributeRevealedCards[0] = state->deck[nextPlayer][state->deckCount[nextPlayer]-1];
    #####: 1070:	  state->deckCount[nextPlayer]--;
        -: 1071:	}
    #####: 1072:	else if (state->discardCount[nextPlayer] > 0){
    #####: 1073:	  tributeRevealedCards[0] = state->discard[nextPlayer][state->discardCount[nextPlayer]-1];
    #####: 1074:	  state->discardCount[nextPlayer]--;
        -: 1075:	}
        -: 1076:	else{
        -: 1077:	  //No Card to Reveal
        -: 1078:	  if (DEBUG){
        -: 1079:	    printf("No cards to reveal\n");
        -: 1080:	  }
        -: 1081:	}
        -: 1082:      }
        -: 1083:	    
        -: 1084:      else{
    #####: 1085:	if (state->deckCount[nextPlayer] == 0){
    #####: 1086:	  for (i = 0; i < state->discardCount[nextPlayer]; i++){
    #####: 1087:	    state->deck[nextPlayer][i] = state->discard[nextPlayer][i];//Move to deck
    #####: 1088:	    state->deckCount[nextPlayer]++;
    #####: 1089:	    state->discard[nextPlayer][i] = -1;
    #####: 1090:	    state->discardCount[nextPlayer]--;
        -: 1091:	  }
        -: 1092:			    
    #####: 1093:	  shuffle(nextPlayer,state);//Shuffle the deck
        -: 1094:	} 
    #####: 1095:	tributeRevealedCards[0] = state->deck[nextPlayer][state->deckCount[nextPlayer]-1];
    #####: 1096:	state->deck[nextPlayer][state->deckCount[nextPlayer]--] = -1;
    #####: 1097:	state->deckCount[nextPlayer]--;
    #####: 1098:	tributeRevealedCards[1] = state->deck[nextPlayer][state->deckCount[nextPlayer]-1];
    #####: 1099:	state->deck[nextPlayer][state->deckCount[nextPlayer]--] = -1;
    #####: 1100:	state->deckCount[nextPlayer]--;
        -: 1101:      }    
        -: 1102:		       
    #####: 1103:      if (tributeRevealedCards[0] == tributeRevealedCards[1]){//If we have a duplicate card, just drop one 
    #####: 1104:	state->playedCards[state->playedCardCount] = tributeRevealedCards[1];
    #####: 1105:	state->playedCardCount++;
    #####: 1106:	tributeRevealedCards[1] = -1;
        -: 1107:      }
        -: 1108:
    #####: 1109:      for (i = 0; i <= 2; i ++){
    #####: 1110:	if (tributeRevealedCards[i] == copper || tributeRevealedCards[i] == silver || tributeRevealedCards[i] == gold){//Treasure cards
    #####: 1111:	  state->coins += 2;
        -: 1112:	}
        -: 1113:		    
    #####: 1114:	else if (tributeRevealedCards[i] == estate || tributeRevealedCards[i] == duchy || tributeRevealedCards[i] == province || tributeRevealedCards[i] == gardens || tributeRevealedCards[i] == great_hall){//Victory Card Found
    #####: 1115:	  drawCard(currentPlayer, state);
    #####: 1116:	  drawCard(currentPlayer, state);
        -: 1117:	}
        -: 1118:	else{//Action Card
    #####: 1119:	  state->numActions = state->numActions + 2;
        -: 1120:	}
        -: 1121:      }
        -: 1122:	    
    #####: 1123:      return 0;
        -: 1124:		
        -: 1125:    case ambassador:
    #####: 1126:      j = 0;		//used to check if player has enough cards to discard
        -: 1127:
    #####: 1128:      if (choice2 > 2 || choice2 < 0)
        -: 1129:	{
    #####: 1130:	  return -1;				
        -: 1131:	}
        -: 1132:
    #####: 1133:      if (choice1 == handPos)
        -: 1134:	{
    #####: 1135:	  return -1;
        -: 1136:	}
        -: 1137:
    #####: 1138:      for (i = 0; i < state->handCount[currentPlayer]; i++)
        -: 1139:	{
    #####: 1140:	  if (i != handPos && i == state->hand[currentPlayer][choice1] && i != choice1)
        -: 1141:	    {
    #####: 1142:	      j++;
        -: 1143:	    }
        -: 1144:	}
    #####: 1145:      if (j < choice2)
        -: 1146:	{
    #####: 1147:	  return -1;				
        -: 1148:	}
        -: 1149:
        -: 1150:      if (DEBUG) 
        -: 1151:	printf("Player %d reveals card number: %d\n", currentPlayer, state->hand[currentPlayer][choice1]);
        -: 1152:
        -: 1153:      //increase supply count for choosen card by amount being discarded
    #####: 1154:      state->supplyCount[state->hand[currentPlayer][choice1]] += choice2;
        -: 1155:			
        -: 1156:      //each other player gains a copy of revealed card
    #####: 1157:      for (i = 0; i < state->numPlayers; i++)
        -: 1158:	{
    #####: 1159:	  if (i != currentPlayer)
        -: 1160:	    {
    #####: 1161:	      gainCard(state->hand[currentPlayer][choice1], state, 0, i);
        -: 1162:	    }
        -: 1163:	}
        -: 1164:
        -: 1165:      //discard played card from hand
    #####: 1166:      discardCard(handPos, currentPlayer, state, 0);			
        -: 1167:
        -: 1168:      //trash copies of cards returned to supply
    #####: 1169:      for (j = 0; j < choice2; j++)
        -: 1170:	{
    #####: 1171:	  for (i = 0; i < state->handCount[currentPlayer]; i++)
        -: 1172:	    {
    #####: 1173:	      if (state->hand[currentPlayer][i] == state->hand[currentPlayer][choice1])
        -: 1174:		{
    #####: 1175:		  discardCard(i, currentPlayer, state, 1);
    #####: 1176:		  break;
        -: 1177:		}
        -: 1178:	    }
        -: 1179:	}			
        -: 1180:
    #####: 1181:      return 0;
        -: 1182:		
        -: 1183:    case cutpurse:
        -: 1184:
    #####: 1185:      updateCoins(currentPlayer, state, 2);
    #####: 1186:      for (i = 0; i < state->numPlayers; i++)
        -: 1187:	{
    #####: 1188:	  if (i != currentPlayer)
        -: 1189:	    {
    #####: 1190:	      for (j = 0; j < state->handCount[i]; j++)
        -: 1191:		{
    #####: 1192:		  if (state->hand[i][j] == copper)
        -: 1193:		    {
    #####: 1194:		      discardCard(j, i, state, 0);
    #####: 1195:		      break;
        -: 1196:		    }
    #####: 1197:		  if (j == state->handCount[i])
        -: 1198:		    {
    #####: 1199:		      for (k = 0; k < state->handCount[i]; k++)
        -: 1200:			{
        -: 1201:			  if (DEBUG)
        -: 1202:			    printf("Player %d reveals card number %d\n", i, state->hand[i][k]);
        -: 1203:			}	
    #####: 1204:		      break;
        -: 1205:		    }		
        -: 1206:		}
        -: 1207:					
        -: 1208:	    }
        -: 1209:				
        -: 1210:	}				
        -: 1211:
        -: 1212:      //discard played card from hand
    #####: 1213:      discardCard(handPos, currentPlayer, state, 0);			
        -: 1214:
    #####: 1215:      return 0;
        -: 1216:
        -: 1217:		
        -: 1218:    case embargo: 
        -: 1219:      //+2 Coins
    #####: 1220:      state->coins = state->coins + 2;
        -: 1221:			
        -: 1222:      //see if selected pile is in play
    #####: 1223:      if ( state->supplyCount[choice1] == -1 )
        -: 1224:	{
    #####: 1225:	  return -1;
        -: 1226:	}
        -: 1227:			
        -: 1228:      //add embargo token to selected supply pile
    #####: 1229:      state->embargoTokens[choice1]++;
        -: 1230:			
        -: 1231:      //trash card
    #####: 1232:      discardCard(handPos, currentPlayer, state, 1);		
    #####: 1233:      return 0;
        -: 1234:    
        -: 1235:    /////////////REFACTORED/////////////////		
        -: 1236:    case outpost:
        1: 1237:      return outpostFunction(state, handPos, currentPlayer);
        -: 1238:      /*//set outpost flag
        -: 1239:      state->outpostPlayed++;
        -: 1240:			
        -: 1241:      //discard card
        -: 1242:      discardCard(handPos, currentPlayer, state, 0);
        -: 1243:      return 0;*/
        -: 1244:    ///////////////REFACTORED///////////////
        -: 1245:    		
        -: 1246:    case salvager:
        -: 1247:      //+1 buy
    #####: 1248:      state->numBuys++;
        -: 1249:			
    #####: 1250:      if (choice1)
        -: 1251:	{
        -: 1252:	  //gain coins equal to trashed card
    #####: 1253:	  state->coins = state->coins + getCost( handCard(choice1, state) );
        -: 1254:	  //trash card
    #####: 1255:	  discardCard(choice1, currentPlayer, state, 1);	
        -: 1256:	}
        -: 1257:			
        -: 1258:      //discard card
    #####: 1259:      discardCard(handPos, currentPlayer, state, 0);
    #####: 1260:      return 0;
        -: 1261:		
        -: 1262:    case sea_hag:
    #####: 1263:      for (i = 0; i < state->numPlayers; i++){
    #####: 1264:	if (i != currentPlayer){
    #####: 1265:	  state->discard[i][state->discardCount[i]] = state->deck[i][state->deckCount[i]--];			    state->deckCount[i]--;
    #####: 1266:	  state->discardCount[i]++;
    #####: 1267:	  state->deck[i][state->deckCount[i]--] = curse;//Top card now a curse
        -: 1268:	}
        -: 1269:      }
    #####: 1270:      return 0;
        -: 1271:		
        -: 1272:    case treasure_map:
        -: 1273:      //search hand for another treasure_map
    #####: 1274:      index = -1;
    #####: 1275:      for (i = 0; i < state->handCount[currentPlayer]; i++)
        -: 1276:	{
    #####: 1277:	  if (state->hand[currentPlayer][i] == treasure_map && i != handPos)
        -: 1278:	    {
    #####: 1279:	      index = i;
    #####: 1280:	      break;
        -: 1281:	    }
        -: 1282:	}
    #####: 1283:      if (index > -1)
        -: 1284:	{
        -: 1285:	  //trash both treasure cards
    #####: 1286:	  discardCard(handPos, currentPlayer, state, 1);
    #####: 1287:	  discardCard(index, currentPlayer, state, 1);
        -: 1288:
        -: 1289:	  //gain 4 Gold cards
    #####: 1290:	  for (i = 0; i < 4; i++)
        -: 1291:	    {
    #####: 1292:	      gainCard(gold, state, 1, currentPlayer);
        -: 1293:	    }
        -: 1294:				
        -: 1295:	  //return success
    #####: 1296:	  return 1;
        -: 1297:	}
        -: 1298:			
        -: 1299:      //no second treasure_map found in hand
    #####: 1300:      return -1;
        -: 1301:    }
        -: 1302:	
    #####: 1303:  return -1;
        -: 1304:}
        -: 1305:
        5: 1306:int discardCard(int handPos, int currentPlayer, struct gameState *state, int trashFlag)
        -: 1307:{
        -: 1308:	
        -: 1309:  //if card is not trashed, added to Played pile 
        5: 1310:  if (trashFlag < 1)
        -: 1311:    {
        -: 1312:      //add card to played pile
        5: 1313:      state->playedCards[state->playedCardCount] = state->hand[currentPlayer][handPos]; 
        5: 1314:      state->playedCardCount++;
        -: 1315:    }
        -: 1316:	
        -: 1317:  //set played card to -1
        5: 1318:  state->hand[currentPlayer][handPos] = -1;
        -: 1319:	
        -: 1320:  //remove card from player's hand
        5: 1321:  if ( handPos == (state->handCount[currentPlayer] - 1) ) 	//last card in hand array is played
        -: 1322:    {
        -: 1323:      //reduce number of cards in hand
    #####: 1324:      state->handCount[currentPlayer]--;
        -: 1325:    }
        5: 1326:  else if ( state->handCount[currentPlayer] == 1 ) //only one card in hand
        -: 1327:    {
        -: 1328:      //reduce number of cards in hand
    #####: 1329:      state->handCount[currentPlayer]--;
        -: 1330:    }
        -: 1331:  else 	
        -: 1332:    {
        -: 1333:      //replace discarded card with last card in hand
        5: 1334:      state->hand[currentPlayer][handPos] = state->hand[currentPlayer][ (state->handCount[currentPlayer] - 1)];
        -: 1335:      //set last card to -1
        5: 1336:      state->hand[currentPlayer][state->handCount[currentPlayer] - 1] = -1;
        -: 1337:      //reduce number of cards in hand
        5: 1338:      state->handCount[currentPlayer]--;
        -: 1339:    }
        -: 1340:	
        5: 1341:  return 0;
        -: 1342:}
        -: 1343:
    #####: 1344:int gainCard(int supplyPos, struct gameState *state, int toFlag, int player)
        -: 1345:{
        -: 1346:  //Note: supplyPos is enum of choosen card
        -: 1347:	
        -: 1348:  //check if supply pile is empty (0) or card is not used in game (-1)
    #####: 1349:  if ( supplyCount(supplyPos, state) < 1 )
        -: 1350:    {
    #####: 1351:      return -1;
        -: 1352:    }
        -: 1353:	
        -: 1354:  //added card for [whoseTurn] current player:
        -: 1355:  // toFlag = 0 : add to discard
        -: 1356:  // toFlag = 1 : add to deck
        -: 1357:  // toFlag = 2 : add to hand
        -: 1358:
    #####: 1359:  if (toFlag == 1)
        -: 1360:    {
    #####: 1361:      state->deck[ player ][ state->deckCount[player] ] = supplyPos;
    #####: 1362:      state->deckCount[player]++;
        -: 1363:    }
    #####: 1364:  else if (toFlag == 2)
        -: 1365:    {
    #####: 1366:      state->hand[ player ][ state->handCount[player] ] = supplyPos;
    #####: 1367:      state->handCount[player]++;
        -: 1368:    }
        -: 1369:  else
        -: 1370:    {
    #####: 1371:      state->discard[player][ state->discardCount[player] ] = supplyPos;
    #####: 1372:      state->discardCount[player]++;
        -: 1373:    }
        -: 1374:	
        -: 1375:  //decrease number in supply pile
    #####: 1376:  state->supplyCount[supplyPos]--;
        -: 1377:	 
    #####: 1378:  return 0;
        -: 1379:}
        -: 1380:
       13: 1381:int updateCoins(int player, struct gameState *state, int bonus)
        -: 1382:{
        -: 1383:  int i;
        -: 1384:	
        -: 1385:  //reset coin count
       13: 1386:  state->coins = 0;
        -: 1387:
        -: 1388:  //add coins for each Treasure card in player's hand
       78: 1389:  for (i = 0; i < state->handCount[player]; i++)
        -: 1390:    {
       65: 1391:      if (state->hand[player][i] == copper)
        -: 1392:	{
       52: 1393:	  state->coins += 1;
        -: 1394:	}
       13: 1395:      else if (state->hand[player][i] == silver)
        -: 1396:	{
    #####: 1397:	  state->coins += 2;
        -: 1398:	}
       13: 1399:      else if (state->hand[player][i] == gold)
        -: 1400:	{
    #####: 1401:	  state->coins += 3;
        -: 1402:	}	
        -: 1403:    }	
        -: 1404:
        -: 1405:  //add bonus
       13: 1406:  state->coins += bonus;
        -: 1407:
       13: 1408:  return 0;
        -: 1409:}
        -: 1410:
        -: 1411:
        -: 1412://end of dominion.c
        -: 1413:
